#
# A fatal error has been detected by the Java Runtime Environment:
#
#  EXCEPTION_ACCESS_VIOLATION (0xc0000005) at pc=0x000000005e6053eb, pid=5252, tid=0x0000000000000af4
#
# JRE version: OpenJDK Runtime Environment (8.0_152-b06) (build 1.8.0_152-release-1136-b06)
# Java VM: OpenJDK 64-Bit Server VM (25.152-b06 mixed mode windows-amd64 compressed oops)
# Problematic frame:
# V  [jvm.dll+0x2153eb]
#
# Failed to write core dump. Minidumps are not enabled by default on client versions of Windows
#
# If you would like to submit a bug report, please visit:
#   http://bugreport.java.com/bugreport/crash.jsp
#

---------------  T H R E A D  ---------------

Current thread (0x00000000610ef800):  JavaThread "ForkJoinPool-26-worker-0" daemon [_thread_in_Java, id=2804, stack(0x0000000067ad0000,0x0000000067bd0000)]

siginfo: ExceptionCode=0xc0000005, reading address 0xffffffffffffffff

Registers:
RAX=0x0000000067bce4f0, RBX=0x0060f257b000000c, RCX=0xa30000000000003a, RDX=0x00000000610ee905
RSP=0x0000000067bce480, RBP=0x0000000067bce6d0, RSI=0x00000000610ef800, RDI=0x00000000610ef905
R8 =0x00000000610ef800, R9 =0x00000000e30cf6b0, R10=0x00000000161e92c8, R11=0x0000000000000000
R12=0x0000000000000000, R13=0x00000000e30ca640, R14=0x0000000000000016, R15=0x00000000610ef800
RIP=0x000000005e6053eb, EFLAGS=0x0000000000010286

Top of Stack: (sp=0x0000000067bce480)
0x0000000067bce480:   0000000067bce520 0000000067bce5b0
0x0000000067bce490:   0000000067bce5c0 000000005ea09fa8
0x0000000067bce4a0:   0000000067bce758 000000005e805d42
0x0000000067bce4b0:   00000000610ef905 00000000610ee905
0x0000000067bce4c0:   0000000066f4b2b0 00000000610ef800
0x0000000067bce4d0:   00000000e3065818 0000000002966c5e
0x0000000067bce4e0:   0000000000000003 00000000610ef800
0x0000000067bce4f0:   00000000610ef800 00000000e3ad7300
0x0000000067bce500:   0000000000000001 0000000066b27490
0x0000000067bce510:   000000010000000f 000000000526d994
0x0000000067bce520:   00005b4b8c9514b4 00000000610ef800
0x0000000067bce530:   00000000610ef800 000000005e3fac05
0x0000000067bce540:   00000000610ef800 0000000000000001
0x0000000067bce550:   0000000000000000 00000000610ef800
0x0000000067bce560:   0000000000000000 000000005e5f8a51
0x0000000067bce570:   00000000610ef800 0000000067bce600 

Instructions: (pc=0x000000005e6053eb)
0x000000005e6053cb:   8b d9 48 8b 0a 49 8b f0 48 85 c9 75 0e 48 8b 03
0x000000005e6053db:   48 8b 5c 24 38 48 83 c4 20 5e c3 48 89 7c 24 30
0x000000005e6053eb:   48 8b 3b 48 3b fa 75 11 4c 8b c7 48 8b d3 ff 15
0x000000005e6053fb:   d1 d3 56 00 48 3b c7 74 18 48 8b d3 48 8b ce e8 


Register to memory mapping:

RAX=0x0000000067bce4f0 is pointing into the stack for thread: 0x00000000610ef800
RBX=0x0060f257b000000c is an unknown value
RCX=0xa30000000000003a is an unknown value
RDX=0x00000000610ee905 is an unknown value
RSP=0x0000000067bce480 is pointing into the stack for thread: 0x00000000610ef800
RBP=0x0000000067bce6d0 is pointing into the stack for thread: 0x00000000610ef800
RSI=0x00000000610ef800 is a thread
RDI=0x00000000610ef905 is an unknown value
R8 =0x00000000610ef800 is a thread
R9 =0x00000000e30cf6b0 is an oop
java.nio.HeapByteBuffer 
 - klass: 'java/nio/HeapByteBuffer'
R10=0x00000000161e92c8 is pointing into metadata
R11=0x0000000000000000 is an unknown value
R12=0x0000000000000000 is an unknown value
R13=0x00000000e30ca640 is an oop
com.android.tools.r8.dex.DexReader 
 - klass: 'com/android/tools/r8/dex/DexReader'
R14=0x0000000000000016 is an unknown value
R15=0x00000000610ef800 is a thread


Stack: [0x0000000067ad0000,0x0000000067bd0000],  sp=0x0000000067bce480,  free space=1017k
Native frames: (J=compiled Java code, j=interpreted, Vv=VM code, C=native code)
V  [jvm.dll+0x2153eb]
V  [jvm.dll+0x415d42]
C  0x0000000002966c5e

Java frames: (J=compiled Java code, j=interpreted, Vv=VM code)
v  ~RuntimeStub::monitorexit_nofpu Runtime1 stub
J 13313 C1 com.android.tools.r8.graph.DexItemFactory.createAdvancePC(I)Lcom/android/tools/r8/graph/DexDebugEvent$AdvancePC; (36 bytes) @ 0x0000000004cd5108 [0x0000000004cd49a0+0x768]

[error occurred during error reporting (printing Java stack), id 0xc0000005]


---------------  P R O C E S S  ---------------

Java Threads: ( => current thread )
=>0x00000000610ef800 JavaThread "ForkJoinPool-26-worker-0" daemon [_thread_in_Java, id=2804, stack(0x0000000067ad0000,0x0000000067bd0000)]
  0x00000000610ee800 JavaThread "ForkJoinPool-26-worker-3" daemon [_thread_in_Java, id=7180, stack(0x00000000678e0000,0x00000000679e0000)]
  0x00000000610ee000 JavaThread "ForkJoinPool-26-worker-2" daemon [_thread_blocked, id=7796, stack(0x000000005ba00000,0x000000005bb00000)]
  0x00000000610ed000 JavaThread "ForkJoinPool-26-worker-1" daemon [_thread_blocked, id=4556, stack(0x00000000670f0000,0x00000000671f0000)]
  0x00000000610ec800 JavaThread "ForkJoinPool.commonPool-worker-0" daemon [_thread_blocked, id=6532, stack(0x00000000652a0000,0x00000000653a0000)]
  0x00000000610eb800 JavaThread "ForkJoinPool.commonPool-worker-3" daemon [_thread_blocked, id=5412, stack(0x00000000677b0000,0x00000000678b0000)]
  0x000000005ed36800 JavaThread "ForkJoinPool.commonPool-worker-2" daemon [_thread_blocked, id=7092, stack(0x00000000629f0000,0x0000000062af0000)]
  0x000000005ed39000 JavaThread "Cache worker for Java compile cache (C:\app\appPOS\.gradle\4.6\javaCompile)" [_thread_blocked, id=3456, stack(0x0000000066630000,0x0000000066730000)]
  0x00000000598e4800 JavaThread "Task worker for ':' Thread 3" [_thread_blocked, id=3856, stack(0x00000000656e0000,0x00000000657e0000)]
  0x00000000598e3800 JavaThread "Task worker for ':' Thread 2" [_thread_blocked, id=4476, stack(0x0000000065580000,0x0000000065680000)]
  0x00000000598e9000 JavaThread "Task worker for ':'" [_thread_blocked, id=5216, stack(0x00000000653d0000,0x00000000654d0000)]
  0x00000000598e3000 JavaThread "Cache worker for Build Output Cleanup Cache (C:\app\appPOS\.gradle\buildOutputCleanup)" [_thread_blocked, id=3060, stack(0x0000000065030000,0x0000000065130000)]
  0x00000000598e5000 JavaThread "Cache worker for task history cache (C:\app\appPOS\.gradle\4.6\taskHistory)" [_thread_blocked, id=6968, stack(0x0000000065170000,0x0000000065270000)]
  0x00000000598eb000 JavaThread "Cache worker for file content cache (C:\app\appPOS\.gradle\4.6\fileContent)" [_thread_blocked, id=7588, stack(0x0000000063cf0000,0x0000000063df0000)]
  0x00000000598ef800 JavaThread "Build operations Thread 4" [_thread_blocked, id=7572, stack(0x000000005b6f0000,0x000000005b7f0000)]
  0x00000000598ec000 JavaThread "Build operations Thread 3" [_thread_blocked, id=7968, stack(0x0000000062b00000,0x0000000062c00000)]
  0x00000000598e8000 JavaThread "Build operations Thread 2" [_thread_blocked, id=6032, stack(0x00000000607a0000,0x00000000608a0000)]
  0x00000000598e7800 JavaThread "Build operations" [_thread_blocked, id=7744, stack(0x000000005fc40000,0x000000005fd40000)]
  0x00000000598ea800 JavaThread "Cache worker for Artifact transforms cache (C:\Users\Administrador\.gradle\caches\transforms-1)" [_thread_blocked, id=7596, stack(0x0000000060040000,0x0000000060140000)]
  0x00000000598ef000 JavaThread "Cache worker for file hash cache (C:\app\appPOS\.gradle\4.6\fileHashes)" [_thread_blocked, id=7472, stack(0x000000005be40000,0x000000005bf40000)]
  0x000000005c991800 JavaThread "Stdin handler" [_thread_blocked, id=5276, stack(0x000000005fee0000,0x000000005ffe0000)]
  0x000000005c992800 JavaThread "Asynchronous log dispatcher for DefaultDaemonConnection: socket connection from /127.0.0.1:49560 to /127.0.0.1:50064" [_thread_blocked, id=4720, stack(0x000000005c790000,0x000000005c890000)]
  0x000000005c98f800 JavaThread "Daemon worker Thread 7" [_thread_blocked, id=4048, stack(0x000000005e2c0000,0x000000005e3c0000)]
  0x000000005c996000 JavaThread "Cancel handler" [_thread_blocked, id=6692, stack(0x000000005c410000,0x000000005c510000)]
  0x000000005c990000 JavaThread "Handler for socket connection from /127.0.0.1:49560 to /127.0.0.1:50064" [_thread_in_native, id=7404, stack(0x000000005bb40000,0x000000005bc40000)]
  0x000000005c993000 JavaThread "Daemon Thread 7" [_thread_blocked, id=7452, stack(0x000000005b4e0000,0x000000005b5e0000)]
  0x00000000598ee000 JavaThread "pool-1-thread-1" [_thread_blocked, id=5160, stack(0x00000000628f0000,0x00000000629f0000)]
  0x00000000598e6800 JavaThread "Memory manager" [_thread_blocked, id=5992, stack(0x000000005fd50000,0x000000005fe50000)]
  0x000000005a10e000 JavaThread "File lock request listener" [_thread_in_native, id=932, stack(0x000000005b5e0000,0x000000005b6e0000)]
  0x000000005a00a800 JavaThread "Cache worker for file hash cache (C:\Users\Administrador\.gradle\caches\4.6\fileHashes)" [_thread_blocked, id=772, stack(0x000000005c260000,0x000000005c360000)]
  0x000000005978a800 JavaThread "Daemon periodic checks" [_thread_blocked, id=5892, stack(0x0000000057b30000,0x0000000057c30000)]
  0x0000000059768800 JavaThread "Incoming local TCP Connector on port 49560" [_thread_in_native, id=720, stack(0x0000000058380000,0x0000000058480000)]
  0x0000000057dce800 JavaThread "Service Thread" daemon [_thread_blocked, id=3588, stack(0x0000000058650000,0x0000000058750000)]
  0x0000000057d65000 JavaThread "C1 CompilerThread2" daemon [_thread_blocked, id=5644, stack(0x0000000058480000,0x0000000058580000)]
  0x0000000056297800 JavaThread "C2 CompilerThread1" daemon [_thread_blocked, id=5704, stack(0x0000000058210000,0x0000000058310000)]
  0x0000000056292000 JavaThread "C2 CompilerThread0" daemon [_thread_in_native, id=4916, stack(0x00000000578f0000,0x00000000579f0000)]
  0x000000005629e800 JavaThread "Attach Listener" daemon [_thread_blocked, id=4840, stack(0x0000000057c60000,0x0000000057d60000)]
  0x000000005629d000 JavaThread "Signal Dispatcher" daemon [_thread_blocked, id=3076, stack(0x0000000057a30000,0x0000000057b30000)]
  0x0000000056278000 JavaThread "Finalizer" daemon [_thread_blocked, id=4760, stack(0x00000000577a0000,0x00000000578a0000)]
  0x0000000056231000 JavaThread "Reference Handler" daemon [_thread_blocked, id=368, stack(0x00000000575f0000,0x00000000576f0000)]
  0x00000000021ce800 JavaThread "main" [_thread_blocked, id=2816, stack(0x0000000002490000,0x0000000002590000)]

Other Threads:
  0x0000000056229800 VMThread [stack: 0x0000000057460000,0x0000000057560000] [id=4944]
  0x0000000057dcf800 WatcherThread [stack: 0x00000000587a0000,0x00000000588a0000] [id=3332]

VM state:not at safepoint (normal execution)

VM Mutex/Monitor currently owned by a thread: None

Heap:
 PSYoungGen      total 190464K, used 73102K [0x00000000e0000000, 0x00000000ef100000, 0x0000000100000000)
  eden space 177664K, 34% used [0x00000000e0000000,0x00000000e3b2c690,0x00000000ead80000)
  from space 12800K, 97% used [0x00000000ee480000,0x00000000ef0b7520,0x00000000ef100000)
  to   space 23552K, 0% used [0x00000000ec300000,0x00000000ec300000,0x00000000eda00000)
 ParOldGen       total 101888K, used 60072K [0x00000000a0000000, 0x00000000a6380000, 0x00000000e0000000)
  object space 101888K, 58% used [0x00000000a0000000,0x00000000a3aaa2f8,0x00000000a6380000)
 Metaspace       used 84463K, capacity 88018K, committed 88088K, reserved 1126400K
  class space    used 10600K, capacity 11292K, committed 11312K, reserved 1048576K

Card table byte_map: [0x0000000011c20000,0x0000000011f30000] byte_map_base: 0x0000000011720000

Marking Bits: (ParMarkBitMap*) 0x000000005ebb5aa0
 Begin Bits: [0x00000000125a0000, 0x0000000013da0000)
 End Bits:   [0x0000000013da0000, 0x00000000155a0000)

Polling page: 0x0000000001c60000

CodeCache: size=245760Kb used=56463Kb max_used=56475Kb free=189296Kb
 bounds [0x0000000002860000, 0x0000000005fe0000, 0x0000000011860000]
 total_blobs=16992 nmethods=16134 adapters=768
 compilation: enabled

Compilation events (10 events):
Event: 5925.733 Thread 0x0000000056297800 nmethod 20155 0x0000000005fa17d0 code [0x0000000005fa1960, 0x0000000005fa1c98]
Event: 5925.733 Thread 0x0000000056297800 20149       4       com.android.tools.r8.it.unimi.dsi.fastutil.ints.AbstractInt2ObjectFunction::get (35 bytes)
Event: 5925.739 Thread 0x0000000056297800 nmethod 20149 0x0000000005f9b010 code [0x0000000005f9b180, 0x0000000005f9b498]
Event: 5925.739 Thread 0x0000000056297800 20154       4       com.android.tools.r8.dex.DexParser$$Lambda$724/1139725440::get (4 bytes)
Event: 5925.739 Thread 0x0000000056297800 nmethod 20154 0x00000000043a5850 code [0x00000000043a5980, 0x00000000043a59d8]
Event: 5925.739 Thread 0x0000000056297800 20148       4       com.android.tools.r8.code.ConstString::<init> (11 bytes)
Event: 5925.742 Thread 0x0000000056297800 nmethod 20148 0x0000000005fb2f50 code [0x0000000005fb30a0, 0x0000000005fb3298]
Event: 5925.742 Thread 0x0000000056297800 20153       4       java.util.Map::computeIfAbsent (45 bytes)
Event: 5925.765 Thread 0x0000000056297800 nmethod 20153 0x0000000005fd5690 code [0x0000000005fd5880, 0x0000000005fd6328]
Event: 5925.765 Thread 0x0000000056297800 20151   !   4       com.android.tools.r8.graph.DexItemFactory::createDefault (36 bytes)

GC Heap History (10 events):
Event: 764.443 GC heap before
{Heap before GC invocations=21 (full 3):
 PSYoungGen      total 241664K, used 224209K [0x00000000e0000000, 0x00000000f2680000, 0x0000000100000000)
  eden space 215552K, 100% used [0x00000000e0000000,0x00000000ed280000,0x00000000ed280000)
  from space 26112K, 33% used [0x00000000ed280000,0x00000000edaf47b0,0x00000000eec00000)
  to   space 25600K, 0% used [0x00000000f0d80000,0x00000000f0d80000,0x00000000f2680000)
 ParOldGen       total 101888K, used 60040K [0x00000000a0000000, 0x00000000a6380000, 0x00000000e0000000)
  object space 101888K, 58% used [0x00000000a0000000,0x00000000a3aa22f8,0x00000000a6380000)
 Metaspace       used 82986K, capacity 86370K, committed 86552K, reserved 1124352K
  class space    used 10564K, capacity 11232K, committed 11312K, reserved 1048576K
Event: 764.479 GC heap after
Heap after GC invocations=21 (full 3):
 PSYoungGen      total 219648K, used 12239K [0x00000000e0000000, 0x00000000f1980000, 0x0000000100000000)
  eden space 207360K, 0% used [0x00000000e0000000,0x00000000e0000000,0x00000000eca80000)
  from space 12288K, 99% used [0x00000000f0d80000,0x00000000f1973c80,0x00000000f1980000)
  to   space 24576K, 0% used [0x00000000ee980000,0x00000000ee980000,0x00000000f0180000)
 ParOldGen       total 101888K, used 60048K [0x00000000a0000000, 0x00000000a6380000, 0x00000000e0000000)
  object space 101888K, 58% used [0x00000000a0000000,0x00000000a3aa42f8,0x00000000a6380000)
 Metaspace       used 82986K, capacity 86370K, committed 86552K, reserved 1124352K
  class space    used 10564K, capacity 11232K, committed 11312K, reserved 1048576K
}
Event: 1617.123 GC heap before
{Heap before GC invocations=22 (full 3):
 PSYoungGen      total 219648K, used 219599K [0x00000000e0000000, 0x00000000f1980000, 0x0000000100000000)
  eden space 207360K, 100% used [0x00000000e0000000,0x00000000eca80000,0x00000000eca80000)
  from space 12288K, 99% used [0x00000000f0d80000,0x00000000f1973c80,0x00000000f1980000)
  to   space 24576K, 0% used [0x00000000ee980000,0x00000000ee980000,0x00000000f0180000)
 ParOldGen       total 101888K, used 60048K [0x00000000a0000000, 0x00000000a6380000, 0x00000000e0000000)
  object space 101888K, 58% used [0x00000000a0000000,0x00000000a3aa42f8,0x00000000a6380000)
 Metaspace       used 83509K, capacity 86984K, committed 87064K, reserved 1124352K
  class space    used 10573K, capacity 11247K, committed 11312K, reserved 1048576K
Event: 1617.174 GC heap after
Heap after GC invocations=22 (full 3):
 PSYoungGen      total 218112K, used 18835K [0x00000000e0000000, 0x00000000f0e00000, 0x0000000100000000)
  eden space 199168K, 0% used [0x00000000e0000000,0x00000000e0000000,0x00000000ec280000)
  from space 18944K, 99% used [0x00000000ee980000,0x00000000efbe4f80,0x00000000efc00000)
  to   space 18432K, 0% used [0x00000000efc00000,0x00000000efc00000,0x00000000f0e00000)
 ParOldGen       total 101888K, used 60056K [0x00000000a0000000, 0x00000000a6380000, 0x00000000e0000000)
  object space 101888K, 58% used [0x00000000a0000000,0x00000000a3aa62f8,0x00000000a6380000)
 Metaspace       used 83509K, capacity 86984K, committed 87064K, reserved 1124352K
  class space    used 10573K, capacity 11247K, committed 11312K, reserved 1048576K
}
Event: 1717.119 GC heap before
{Heap before GC invocations=23 (full 3):
 PSYoungGen      total 218112K, used 218003K [0x00000000e0000000, 0x00000000f0e00000, 0x0000000100000000)
  eden space 199168K, 100% used [0x00000000e0000000,0x00000000ec280000,0x00000000ec280000)
  from space 18944K, 99% used [0x00000000ee980000,0x00000000efbe4f80,0x00000000efc00000)
  to   space 18432K, 0% used [0x00000000efc00000,0x00000000efc00000,0x00000000f0e00000)
 ParOldGen       total 101888K, used 60056K [0x00000000a0000000, 0x00000000a6380000, 0x00000000e0000000)
  object space 101888K, 58% used [0x00000000a0000000,0x00000000a3aa62f8,0x00000000a6380000)
 Metaspace       used 83887K, capacity 87442K, committed 87576K, reserved 1126400K
  class space    used 10584K, capacity 11264K, committed 11312K, reserved 1048576K
Event: 1717.140 GC heap after
Heap after GC invocations=23 (full 3):
 PSYoungGen      total 200704K, used 9178K [0x00000000e0000000, 0x00000000f0500000, 0x0000000100000000)
  eden space 191488K, 0% used [0x00000000e0000000,0x00000000e0000000,0x00000000ebb00000)
  from space 9216K, 99% used [0x00000000efc00000,0x00000000f04f6830,0x00000000f0500000)
  to   space 25088K, 0% used [0x00000000ed400000,0x00000000ed400000,0x00000000eec80000)
 ParOldGen       total 101888K, used 60064K [0x00000000a0000000, 0x00000000a6380000, 0x00000000e0000000)
  object space 101888K, 58% used [0x00000000a0000000,0x00000000a3aa82f8,0x00000000a6380000)
 Metaspace       used 83887K, capacity 87442K, committed 87576K, reserved 1126400K
  class space    used 10584K, capacity 11264K, committed 11312K, reserved 1048576K
}
Event: 4738.428 GC heap before
{Heap before GC invocations=24 (full 3):
 PSYoungGen      total 200704K, used 200666K [0x00000000e0000000, 0x00000000f0500000, 0x0000000100000000)
  eden space 191488K, 100% used [0x00000000e0000000,0x00000000ebb00000,0x00000000ebb00000)
  from space 9216K, 99% used [0x00000000efc00000,0x00000000f04f6830,0x00000000f0500000)
  to   space 25088K, 0% used [0x00000000ed400000,0x00000000ed400000,0x00000000eec80000)
 ParOldGen       total 101888K, used 60064K [0x00000000a0000000, 0x00000000a6380000, 0x00000000e0000000)
  object space 101888K, 58% used [0x00000000a0000000,0x00000000a3aa82f8,0x00000000a6380000)
 Metaspace       used 84200K, capacity 87820K, committed 88088K, reserved 1126400K
  class space    used 10599K, capacity 11291K, committed 11312K, reserved 1048576K
Event: 4738.621 GC heap after
Heap after GC invocations=24 (full 3):
 PSYoungGen      total 192512K, used 8134K [0x00000000e0000000, 0x00000000efc80000, 0x0000000100000000)
  eden space 184320K, 0% used [0x00000000e0000000,0x00000000e0000000,0x00000000eb400000)
  from space 8192K, 99% used [0x00000000ed400000,0x00000000edbf19d0,0x00000000edc00000)
  to   space 24576K, 0% used [0x00000000ee480000,0x00000000ee480000,0x00000000efc80000)
 ParOldGen       total 101888K, used 60064K [0x00000000a0000000, 0x00000000a6380000, 0x00000000e0000000)
  object space 101888K, 58% used [0x00000000a0000000,0x00000000a3aa82f8,0x00000000a6380000)
 Metaspace       used 84200K, capacity 87820K, committed 88088K, reserved 1126400K
  class space    used 10599K, capacity 11291K, committed 11312K, reserved 1048576K
}
Event: 5924.777 GC heap before
{Heap before GC invocations=25 (full 3):
 PSYoungGen      total 192512K, used 192454K [0x00000000e0000000, 0x00000000efc80000, 0x0000000100000000)
  eden space 184320K, 100% used [0x00000000e0000000,0x00000000eb400000,0x00000000eb400000)
  from space 8192K, 99% used [0x00000000ed400000,0x00000000edbf19d0,0x00000000edc00000)
  to   space 24576K, 0% used [0x00000000ee480000,0x00000000ee480000,0x00000000efc80000)
 ParOldGen       total 101888K, used 60064K [0x00000000a0000000, 0x00000000a6380000, 0x00000000e0000000)
  object space 101888K, 58% used [0x00000000a0000000,0x00000000a3aa82f8,0x00000000a6380000)
 Metaspace       used 84397K, capacity 87954K, committed 88088K, reserved 1126400K
  class space    used 10600K, capacity 11292K, committed 11312K, reserved 1048576K
Event: 5924.804 GC heap after
Heap after GC invocations=25 (full 3):
 PSYoungGen      total 190464K, used 12509K [0x00000000e0000000, 0x00000000ef100000, 0x0000000100000000)
  eden space 177664K, 0% used [0x00000000e0000000,0x00000000e0000000,0x00000000ead80000)
  from space 12800K, 97% used [0x00000000ee480000,0x00000000ef0b7520,0x00000000ef100000)
  to   space 23552K, 0% used [0x00000000ec300000,0x00000000ec300000,0x00000000eda00000)
 ParOldGen       total 101888K, used 60072K [0x00000000a0000000, 0x00000000a6380000, 0x00000000e0000000)
  object space 101888K, 58% used [0x00000000a0000000,0x00000000a3aaa2f8,0x00000000a6380000)
 Metaspace       used 84397K, capacity 87954K, committed 88088K, reserved 1126400K
  class space    used 10600K, capacity 11292K, committed 11312K, reserved 1048576K
}

Deoptimization events (10 events):
Event: 1620.249 Thread 0x0000000060b29000 Uncommon trap: reason=array_check action=maybe_recompile pc=0x00000000058764e4 method=java.util.TimSort.mergeHi(IIII)V @ 101
Event: 1717.503 Thread 0x00000000598ef800 Uncommon trap: reason=unstable_if action=reinterpret pc=0x0000000004ea5610 method=org.gradle.internal.time.MonotonicClock.advance(J)J @ 25
Event: 1719.943 Thread 0x00000000598e4800 Uncommon trap: reason=array_check action=maybe_recompile pc=0x0000000005c46bc4 method=java.util.TimSort.reverseRange([Ljava/lang/Object;II)V @ 20
Event: 1721.187 Thread 0x0000000060d0e800 Uncommon trap: reason=predicate action=maybe_recompile pc=0x0000000005d4c444 method=java.util.TimSort.mergeHi(IIII)V @ 191
Event: 1721.264 Thread 0x00000000598e3800 Uncommon trap: reason=array_check action=maybe_recompile pc=0x0000000005c46bc4 method=java.util.TimSort.reverseRange([Ljava/lang/Object;II)V @ 20
Event: 5921.400 Thread 0x000000005c991800 Uncommon trap: reason=unstable_if action=reinterpret pc=0x00000000053417ac method=org.gradle.internal.logging.sink.OutputEventRenderer.onOutput(Lorg/gradle/internal/logging/events/OutputEvent;)V @ 24
Event: 5921.758 Thread 0x000000005c98f800 Uncommon trap: reason=null_check action=make_not_entrant pc=0x000000000341c38c method=org.gradle.api.internal.collections.CollectionFilter.filter(Ljava/lang/Object;)Ljava/lang/Object; @ 5
Event: 5922.356 Thread 0x00000000598e3800 Uncommon trap: reason=array_check action=maybe_recompile pc=0x0000000005c46bc4 method=java.util.TimSort.reverseRange([Ljava/lang/Object;II)V @ 20
Event: 5922.565 Thread 0x00000000598e3800 Uncommon trap: reason=array_check action=maybe_recompile pc=0x0000000005c46bc4 method=java.util.TimSort.reverseRange([Ljava/lang/Object;II)V @ 20
Event: 5925.177 Thread 0x00000000610ec800 Uncommon trap: reason=unstable_if action=reinterpret pc=0x0000000005ee55b4 method=java.util.TimSort.mergeLo(IIII)V @ 354

Classes redefined (0 events):
No events

Internal exceptions (10 events):
Event: 5924.724 Thread 0x00000000610ec800 Exception <a 'sun/nio/fs/WindowsException'> (0x00000000eaf32cd0) thrown at [D:\src\AOSP-openjdk-cygwin\jdk8u\hotspot\src\share\vm\prims\jni.cpp, line 709]
Event: 5924.903 Thread 0x000000005ed36800 Exception <a 'sun/nio/fs/WindowsException'> (0x00000000e0b67ed8) thrown at [D:\src\AOSP-openjdk-cygwin\jdk8u\hotspot\src\share\vm\prims\jni.cpp, line 709]
Event: 5925.180 Thread 0x00000000610ec800 Exception <a 'sun/nio/fs/WindowsException'> (0x00000000e2805680) thrown at [D:\src\AOSP-openjdk-cygwin\jdk8u\hotspot\src\share\vm\prims\jni.cpp, line 709]
Event: 5925.186 Thread 0x00000000610ec800 Exception <a 'sun/nio/fs/WindowsException'> (0x00000000e2892618) thrown at [D:\src\AOSP-openjdk-cygwin\jdk8u\hotspot\src\share\vm\prims\jni.cpp, line 709]
Event: 5925.193 Thread 0x00000000610ec800 Exception <a 'sun/nio/fs/WindowsException'> (0x00000000e289f180) thrown at [D:\src\AOSP-openjdk-cygwin\jdk8u\hotspot\src\share\vm\prims\jni.cpp, line 709]
Event: 5925.196 Thread 0x00000000610ec800 Exception <a 'sun/nio/fs/WindowsException'> (0x00000000e28abc40) thrown at [D:\src\AOSP-openjdk-cygwin\jdk8u\hotspot\src\share\vm\prims\jni.cpp, line 709]
Event: 5925.198 Thread 0x00000000610ec800 Exception <a 'sun/nio/fs/WindowsException'> (0x00000000e28b5bb8) thrown at [D:\src\AOSP-openjdk-cygwin\jdk8u\hotspot\src\share\vm\prims\jni.cpp, line 709]
Event: 5925.204 Thread 0x00000000610ec800 Exception <a 'sun/nio/fs/WindowsException'> (0x00000000e29da010) thrown at [D:\src\AOSP-openjdk-cygwin\jdk8u\hotspot\src\share\vm\prims\jni.cpp, line 709]
Event: 5925.387 Thread 0x00000000610ed000 Exception <a 'sun/nio/fs/WindowsException'> (0x00000000e3064910) thrown at [D:\src\AOSP-openjdk-cygwin\jdk8u\hotspot\src\share\vm\prims\jni.cpp, line 709]
Event: 5925.402 Thread 0x00000000610ee000 Exception <a 'sun/nio/fs/WindowsException'> (0x00000000e3340098) thrown at [D:\src\AOSP-openjdk-cygwin\jdk8u\hotspot\src\share\vm\prims\jni.cpp, line 709]

Events (10 events):
Event: 5925.207 Executing VM operation: RevokeBias
Event: 5925.207 Executing VM operation: RevokeBias done
Event: 5925.361 Thread 0x00000000610ed000 Thread added: 0x00000000610ed000
Event: 5925.364 Thread 0x00000000610ee000 Thread added: 0x00000000610ee000
Event: 5925.364 Executing VM operation: BulkRevokeBias
Event: 5925.364 Executing VM operation: BulkRevokeBias done
Event: 5925.395 Thread 0x00000000610ee800 Thread added: 0x00000000610ee800
Event: 5925.395 Thread 0x00000000610ef800 Thread added: 0x00000000610ef800
Event: 5925.714 Executing VM operation: RevokeBias
Event: 5925.714 Executing VM operation: RevokeBias done


Dynamic libraries:
0x000000013f810000 - 0x000000013f841000 	C:\Program Files\Android\Android Studio\jre\bin\java.exe
0x0000000077070000 - 0x0000000077219000 	C:\windows\SYSTEM32\ntdll.dll
0x0000000076e50000 - 0x0000000076f6f000 	C:\windows\system32\kernel32.dll
0x000007fefd0e0000 - 0x000007fefd14b000 	C:\windows\system32\KERNELBASE.dll
0x000007fefeab0000 - 0x000007fefeb8b000 	C:\windows\system32\ADVAPI32.dll
0x000007fefd530000 - 0x000007fefd5cf000 	C:\windows\system32\msvcrt.dll
0x000007fefd690000 - 0x000007fefd6af000 	C:\windows\SYSTEM32\sechost.dll
0x000007fefeb90000 - 0x000007fefecbd000 	C:\windows\system32\RPCRT4.dll
0x0000000076f70000 - 0x000000007706a000 	C:\windows\system32\USER32.dll
0x000007fefd4c0000 - 0x000007fefd527000 	C:\windows\system32\GDI32.dll
0x000007fefd250000 - 0x000007fefd25e000 	C:\windows\system32\LPK.dll
0x000007fefe9e0000 - 0x000007fefeaa9000 	C:\windows\system32\USP10.dll
0x000007fefa8c0000 - 0x000007fefaab4000 	C:\windows\WinSxS\amd64_microsoft.windows.common-controls_6595b64144ccf1df_6.0.7601.17514_none_fa396087175ac9ac\COMCTL32.dll
0x000007fefd6b0000 - 0x000007fefd721000 	C:\windows\system32\SHLWAPI.dll
0x000007fefd730000 - 0x000007fefd75e000 	C:\windows\system32\IMM32.DLL
0x000007feff220000 - 0x000007feff329000 	C:\windows\system32\MSCTF.dll
0x00000000667f0000 - 0x00000000668c2000 	C:\Program Files\Android\Android Studio\jre\jre\bin\msvcr100.dll
0x000000005e3f0000 - 0x000000005ec31000 	C:\Program Files\Android\Android Studio\jre\jre\bin\server\jvm.dll
0x000007fee79b0000 - 0x000007fee79b9000 	C:\windows\system32\WSOCK32.dll
0x000007feff330000 - 0x000007feff37d000 	C:\windows\system32\WS2_32.dll
0x000007feff1b0000 - 0x000007feff1b8000 	C:\windows\system32\NSI.dll
0x000007fef98a0000 - 0x000007fef98db000 	C:\windows\system32\WINMM.dll
0x000007fefba70000 - 0x000007fefba7c000 	C:\windows\system32\VERSION.dll
0x0000000077230000 - 0x0000000077237000 	C:\windows\system32\PSAPI.DLL
0x000007fef5bd0000 - 0x000007fef5bdf000 	C:\Program Files\Android\Android Studio\jre\jre\bin\verify.dll
0x000007fee5c60000 - 0x000007fee5c89000 	C:\Program Files\Android\Android Studio\jre\jre\bin\java.dll
0x000007fef1110000 - 0x000007fef1126000 	C:\Program Files\Android\Android Studio\jre\jre\bin\zip.dll
0x000007fefd760000 - 0x000007fefe4e8000 	C:\windows\system32\SHELL32.dll
0x000007fefefa0000 - 0x000007feff1a3000 	C:\windows\system32\ole32.dll
0x000007fefce20000 - 0x000007fefce2f000 	C:\windows\system32\profapi.dll
0x000007fef1290000 - 0x000007fef12aa000 	C:\Program Files\Android\Android Studio\jre\jre\bin\net.dll
0x000007fefc650000 - 0x000007fefc6a5000 	C:\windows\system32\mswsock.dll
0x000007fefc640000 - 0x000007fefc647000 	C:\windows\System32\wship6.dll
0x000007fef0cf0000 - 0x000007fef0d01000 	C:\Program Files\Android\Android Studio\jre\jre\bin\nio.dll
0x000007fee5460000 - 0x000007fee547e000 	C:\Users\Administrador\.gradle\native\25\windows-amd64\native-platform.dll
0x000007fef1240000 - 0x000007fef124d000 	C:\Program Files\Android\Android Studio\jre\jre\bin\management.dll
0x000007fefc6b0000 - 0x000007fefc6c7000 	C:\windows\system32\CRYPTSP.dll
0x000007fefc3b0000 - 0x000007fefc3f7000 	C:\windows\system32\rsaenh.dll
0x000007fefc160000 - 0x000007fefc17e000 	C:\windows\system32\USERENV.dll
0x000007fefcd10000 - 0x000007fefcd1f000 	C:\windows\system32\CRYPTBASE.dll
0x000007fefaf10000 - 0x000007fefaf37000 	C:\windows\system32\IPHLPAPI.DLL
0x000007fefaf00000 - 0x000007fefaf0b000 	C:\windows\system32\WINNSI.DLL
0x000007fef8d60000 - 0x000007fef8d71000 	C:\windows\system32\dhcpcsvc6.DLL
0x000007fef9500000 - 0x000007fef9518000 	C:\windows\system32\dhcpcsvc.DLL
0x000007fefccb0000 - 0x000007fefcd07000 	C:\windows\system32\apphelp.dll
0x000007fef9650000 - 0x000007fef9775000 	C:\windows\system32\dbghelp.dll

VM Arguments:
jvm_args: -Xmx1536m -Dfile.encoding=windows-1252 -Duser.country=CO -Duser.language=es -Duser.variant 
java_command: org.gradle.launcher.daemon.bootstrap.GradleDaemon 4.6
java_class_path (initial): C:\Users\Administrador\.gradle\wrapper\dists\gradle-4.6\lib\gradle-launcher-4.6.jar
Launcher Type: SUN_STANDARD

Environment Variables:
PATH=C:\ProgramData\Oracle\Java\javapath;C:\windows\system32;C:\windows;C:\windows\System32\Wbem;C:\windows\System32\WindowsPowerShell\v1.0\;C:\Program Files\Lenovo\Bluetooth Software\;C:\Program Files\Lenovo\Bluetooth Software\syswow64;C:\Program Files (x86)\Skype\Phone\
USERNAME=Administrador
OS=Windows_NT
PROCESSOR_IDENTIFIER=Intel64 Family 6 Model 42 Stepping 7, GenuineIntel



---------------  S Y S T E M  ---------------

OS: Windows 7 , 64 bit Build 7601 (6.1.7601.18229)

CPU:total 4 (initial active 4) (2 cores per cpu, 2 threads per core) family 6 model 42 stepping 7, cmov, cx8, fxsr, mmx, sse, sse2, sse3, ssse3, sse4.1, sse4.2, popcnt, avx, clmul, ht, tsc, tscinvbit

Memory: 4k page, physical 4136816k(806208k free), swap 8271768k(3525684k free)

vm_info: OpenJDK 64-Bit Server VM (25.152-b06) for windows-amd64 JRE (1.8.0_152-release-1136-b06), built by "builder" with MS VC++ 10.0 (VS2010)

time: Wed Oct 03 15:32:28 2018
elapsed time: 5926 seconds (0d 1h 38m 46s)

